2026-04-10 16:14:08 [INFO ] [background-preinit] o.h.validator.internal.util.Version - HV000001: Hibernate Validator 8.0.3.Final
2026-04-10 16:14:08 [INFO ] [main] c.h.academy.AcademyApplication - Starting AcademyApplication v3.0.1 using Java 21.0.10 with PID 1 (/app/app.jar started by root in /app)
2026-04-10 16:14:08 [INFO ] [main] c.h.academy.AcademyApplication - The following 1 profile is active: "docker"
2026-04-10 16:14:08 [INFO ] [main] o.s.d.r.c.RepositoryConfigurationDelegate - Bootstrapping Spring Data JPA repositories in DEFAULT mode.
2026-04-10 16:14:08 [INFO ] [main] o.s.d.r.c.RepositoryConfigurationDelegate - Finished Spring Data repository scanning in 40 ms. Found 8 JPA repository interfaces.
2026-04-10 16:14:09 [INFO ] [main] o.s.b.w.e.tomcat.TomcatWebServer - Tomcat initialized with port 8888 (http)
2026-04-10 16:14:09 [INFO ] [main] o.a.coyote.http11.Http11NioProtocol - Initializing ProtocolHandler ["http-nio-8888"]
2026-04-10 16:14:09 [INFO ] [main] o.a.catalina.core.StandardService - Starting service [Tomcat]
2026-04-10 16:14:09 [INFO ] [main] o.a.catalina.core.StandardEngine - Starting Servlet engine: [Apache Tomcat/10.1.52]
2026-04-10 16:14:09 [INFO ] [main] o.a.c.c.C.[Tomcat].[localhost].[/] - Initializing Spring embedded WebApplicationContext
2026-04-10 16:14:09 [INFO ] [main] o.s.b.w.s.c.ServletWebServerApplicationContext - Root WebApplicationContext: initialization completed in 1207 ms
2026-04-10 16:14:09 [INFO ] [main] o.h.jpa.internal.util.LogHelper - HHH000204: Processing PersistenceUnitInfo [name: default]
2026-04-10 16:14:09 [INFO ] [main] org.hibernate.Version - HHH000412: Hibernate ORM core version 6.6.42.Final
2026-04-10 16:14:09 [INFO ] [main] o.h.c.i.RegionFactoryInitiator - HHH000026: Second-level cache disabled
2026-04-10 16:14:09 [INFO ] [main] o.s.o.j.p.SpringPersistenceUnitInfo - No LoadTimeWeaver setup: ignoring JPA class transformer
2026-04-10 16:14:09 [INFO ] [main] com.zaxxer.hikari.HikariDataSource - HikariPool-1 - Starting...
2026-04-10 16:14:09 [INFO ] [main] com.zaxxer.hikari.pool.HikariPool - HikariPool-1 - Added connection com.mysql.cj.jdbc.ConnectionImpl@74badf19
2026-04-10 16:14:09 [INFO ] [main] com.zaxxer.hikari.HikariDataSource - HikariPool-1 - Start completed.
2026-04-10 16:14:09 [WARN ] [main] org.hibernate.orm.deprecation - HHH90000025: MySQL8Dialect does not need to be specified explicitly using 'hibernate.dialect' (remove the property setting and it will be selected by default)
2026-04-10 16:14:09 [WARN ] [main] org.hibernate.orm.deprecation - HHH90000026: MySQL8Dialect has been deprecated; use org.hibernate.dialect.MySQLDialect instead
2026-04-10 16:14:09 [INFO ] [main] o.hibernate.orm.connections.pooling - HHH10001005: Database info:
	Database JDBC URL [Connecting through datasource 'HikariDataSource (HikariPool-1)']
	Database driver: undefined/unknown
	Database version: 8.0
	Autocommit mode: undefined/unknown
	Isolation level: undefined/unknown
	Minimum pool size: undefined/unknown
	Maximum pool size: undefined/unknown
2026-04-10 16:14:10 [INFO ] [main] o.h.e.t.j.p.i.JtaPlatformInitiator - HHH000489: No JTA platform available (set 'hibernate.transaction.jta.platform' to enable JTA platform integration)
2026-04-10 16:14:10 [INFO ] [main] o.s.o.j.LocalContainerEntityManagerFactoryBean - Initialized JPA EntityManagerFactory for persistence unit 'default'
2026-04-10 16:14:10 [INFO ] [main] o.s.d.j.r.query.QueryEnhancerFactory - Hibernate is in classpath; If applicable, HQL parser will be used.
2026-04-10 16:14:11 [INFO ] [main] c.h.academy.global.log.LogService - 로그 파일 폴링 시작 (500ms 간격): /app/logs
2026-04-10 16:14:11 [WARN ] [main] o.s.b.a.o.j.JpaBaseConfiguration$JpaWebConfiguration - spring.jpa.open-in-view is enabled by default. Therefore, database queries may be performed during view rendering. Explicitly configure spring.jpa.open-in-view to disable this warning
2026-04-10 16:14:11 [INFO ] [main] o.s.s.c.a.a.c.InitializeUserDetailsBeanManagerConfigurer$InitializeUserDetailsManagerConfigurer - Global AuthenticationManager configured with UserDetailsService bean with name userDetailsService
2026-04-10 16:14:11 [INFO ] [main] o.a.coyote.http11.Http11NioProtocol - Starting ProtocolHandler ["http-nio-8888"]
2026-04-10 16:14:11 [INFO ] [main] o.s.b.w.e.tomcat.TomcatWebServer - Tomcat started on port 8888 (http) with context path '/'
2026-04-10 16:14:11 [INFO ] [main] c.h.academy.AcademyApplication - Started AcademyApplication in 3.709 seconds (process running for 4.248)
2026-04-10 16:14:11 [INFO ] [http-nio-8888-exec-2] o.a.c.c.C.[Tomcat].[localhost].[/] - Initializing Spring DispatcherServlet 'dispatcherServlet'
2026-04-10 16:14:11 [INFO ] [http-nio-8888-exec-2] o.s.web.servlet.DispatcherServlet - Initializing Servlet 'dispatcherServlet'
2026-04-10 16:14:11 [INFO ] [http-nio-8888-exec-2] o.s.web.servlet.DispatcherServlet - Completed initialization in 0 ms
2026-04-10 16:14:12 [INFO ] [http-nio-8888-exec-8] c.h.academy.global.log.LogService - 로그 SSE 구독 등록: file=app, 현재 구독자 수=1
2026-04-10 16:14:18 [INFO ] [http-nio-8888-exec-2] c.h.academy.global.log.LogService - 로그 SSE 구독 등록: file=error, 현재 구독자 수=1
2026-04-10 16:14:18 [INFO ] [http-nio-8888-exec-3] c.h.academy.global.log.LogService - 로그 SSE 구독 등록: file=access, 현재 구독자 수=1
2026-04-10 16:14:19 [INFO ] [http-nio-8888-exec-4] c.h.academy.global.log.LogService - 로그 SSE 구독 등록: file=reservation, 현재 구독자 수=1
2026-04-10 16:14:19 [INFO ] [http-nio-8888-exec-9] c.h.academy.global.log.LogService - 로그 SSE 구독 등록: file=auth, 현재 구독자 수=1
2026-04-10 16:14:20 [INFO ] [http-nio-8888-exec-10] c.h.academy.global.log.LogService - 로그 SSE 구독 등록: file=app, 현재 구독자 수=1
2026-04-10 16:14:30 [INFO ] [http-nio-8888-exec-2] c.h.academy.global.log.LogService - 로그 SSE 구독 등록: file=app, 현재 구독자 수=2
2026-04-10 16:14:37 [INFO ] [http-nio-8888-exec-5] c.h.academy.global.log.LogService - 로그 SSE 구독 등록: file=auth, 현재 구독자 수=2
2026-04-10 16:14:46 [INFO ] [http-nio-8888-exec-7] c.h.a.g.security.service.AuthService - 로그인 성공: userId=테스트, role=ROLE_USER
2026-04-10 16:15:03 [INFO ] [http-nio-8888-exec-6] c.h.academy.global.log.LogService - 로그 SSE 구독 등록: file=auth, 현재 구독자 수=1
2026-04-10 16:15:04 [INFO ] [http-nio-8888-exec-8] c.h.academy.global.log.LogService - 로그 SSE 구독 등록: file=app, 현재 구독자 수=1
2026-04-10 16:18:38 [INFO ] [http-nio-8888-exec-7] c.h.academy.global.log.LogService - 로그 SSE 구독 등록: file=app, 현재 구독자 수=2
2026-04-10 16:20:24 [INFO ] [http-nio-8888-exec-9] c.h.academy.global.log.LogService - 로그 SSE 구독 등록: file=auth, 현재 구독자 수=2
2026-04-10 16:20:24 [INFO ] [http-nio-8888-exec-3] c.h.academy.global.log.LogService - 로그 SSE 구독 등록: file=reservation, 현재 구독자 수=2
2026-04-10 16:20:24 [INFO ] [http-nio-8888-exec-7] c.h.academy.global.log.LogService - 로그 SSE 구독 등록: file=access, 현재 구독자 수=2
2026-04-10 16:20:25 [INFO ] [http-nio-8888-exec-4] c.h.academy.global.log.LogService - 로그 SSE 구독 등록: file=error, 현재 구독자 수=2
2026-04-10 16:20:25 [INFO ] [http-nio-8888-exec-8] c.h.academy.global.log.LogService - 로그 SSE 구독 등록: file=access, 현재 구독자 수=3
2026-04-10 16:20:26 [INFO ] [http-nio-8888-exec-2] c.h.academy.global.log.LogService - 로그 SSE 구독 등록: file=reservation, 현재 구독자 수=3
2026-04-10 16:20:26 [INFO ] [http-nio-8888-exec-1] c.h.academy.global.log.LogService - 로그 SSE 구독 등록: file=error, 현재 구독자 수=3
2026-04-10 16:20:27 [INFO ] [http-nio-8888-exec-7] c.h.academy.global.log.LogService - 로그 SSE 구독 등록: file=access, 현재 구독자 수=4
2026-04-10 16:20:27 [INFO ] [http-nio-8888-exec-9] c.h.academy.global.log.LogService - 로그 SSE 구독 등록: file=auth, 현재 구독자 수=3
2026-04-10 16:20:55 [INFO ] [http-nio-8888-exec-6] c.h.academy.global.log.LogService - 로그 SSE 구독 등록: file=app, 현재 구독자 수=1
2026-04-10 16:21:08 [WARN ] [http-nio-8888-exec-8] o.s.d.w.c.SpringDataJacksonConfiguration$PageModule$WarningLoggingModifier - Serializing PageImpl instances as-is is not supported, meaning that there is no guarantee about the stability of the resulting JSON structure!
	For a stable JSON structure, please use Spring Data's PagedModel (globally via @EnableSpringDataWebSupport(pageSerializationMode = VIA_DTO))
	or Spring HATEOAS and Spring Data's PagedResourcesAssembler as documented in https://docs.spring.io/spring-data/commons/reference/repositories/core-extensions.html#core.web.pageables.

2026-04-10 16:21:21 [INFO ] [http-nio-8888-exec-6] c.h.academy.global.log.LogService - 로그 SSE 구독 등록: file=auth, 현재 구독자 수=4
2026-04-10 16:21:22 [INFO ] [http-nio-8888-exec-8] c.h.academy.global.log.LogService - 로그 SSE 구독 등록: file=reservation, 현재 구독자 수=4
2026-04-10 16:21:22 [INFO ] [http-nio-8888-exec-2] c.h.academy.global.log.LogService - 로그 SSE 구독 등록: file=access, 현재 구독자 수=5
2026-04-10 16:21:23 [INFO ] [http-nio-8888-exec-5] c.h.academy.global.log.LogService - 로그 SSE 구독 등록: file=error, 현재 구독자 수=4
2026-04-10 16:21:23 [INFO ] [http-nio-8888-exec-6] c.h.academy.global.log.LogService - 로그 SSE 구독 등록: file=app, 현재 구독자 수=2
2026-04-10 16:21:44 [INFO ] [http-nio-8888-exec-9] c.h.a.g.security.service.AuthService - 로그인 성공: userId=테스트, role=ROLE_USER
2026-04-10 16:21:53 [INFO ] [http-nio-8888-exec-7] c.h.academy.global.log.LogService - 로그 SSE 구독 등록: file=reservation, 현재 구독자 수=5
2026-04-10 16:21:53 [INFO ] [http-nio-8888-exec-9] c.h.academy.global.log.LogService - 로그 SSE 구독 등록: file=auth, 현재 구독자 수=2
2026-04-10 16:21:54 [INFO ] [http-nio-8888-exec-2] c.h.academy.global.log.LogService - 로그 SSE 구독 등록: file=app, 현재 구독자 수=3
2026-04-10 16:23:50 [INFO ] [SpringApplicationShutdownHook] o.s.b.w.e.tomcat.GracefulShutdown - Commencing graceful shutdown. Waiting for active requests to complete
2026-04-10 16:23:52 [INFO ] [background-preinit] o.h.validator.internal.util.Version - HV000001: Hibernate Validator 8.0.3.Final
2026-04-10 16:23:52 [INFO ] [main] c.h.academy.AcademyApplication - Starting AcademyApplication v3.0.1 using Java 21.0.10 with PID 1 (/app/app.jar started by root in /app)
2026-04-10 16:23:52 [INFO ] [main] c.h.academy.AcademyApplication - The following 1 profile is active: "docker"
2026-04-10 16:23:53 [INFO ] [main] o.s.d.r.c.RepositoryConfigurationDelegate - Bootstrapping Spring Data JPA repositories in DEFAULT mode.
2026-04-10 16:23:53 [INFO ] [main] o.s.d.r.c.RepositoryConfigurationDelegate - Finished Spring Data repository scanning in 34 ms. Found 8 JPA repository interfaces.
2026-04-10 16:23:53 [INFO ] [main] o.s.b.w.e.tomcat.TomcatWebServer - Tomcat initialized with port 8888 (http)
2026-04-10 16:23:53 [INFO ] [main] o.a.coyote.http11.Http11NioProtocol - Initializing ProtocolHandler ["http-nio-8888"]
2026-04-10 16:23:53 [INFO ] [main] o.a.catalina.core.StandardService - Starting service [Tomcat]
2026-04-10 16:23:53 [INFO ] [main] o.a.catalina.core.StandardEngine - Starting Servlet engine: [Apache Tomcat/10.1.52]
2026-04-10 16:23:53 [INFO ] [main] o.a.c.c.C.[Tomcat].[localhost].[/] - Initializing Spring embedded WebApplicationContext
2026-04-10 16:23:53 [INFO ] [main] o.s.b.w.s.c.ServletWebServerApplicationContext - Root WebApplicationContext: initialization completed in 868 ms
2026-04-10 16:23:53 [INFO ] [main] o.h.jpa.internal.util.LogHelper - HHH000204: Processing PersistenceUnitInfo [name: default]
2026-04-10 16:23:54 [INFO ] [main] org.hibernate.Version - HHH000412: Hibernate ORM core version 6.6.42.Final
2026-04-10 16:23:54 [INFO ] [main] o.h.c.i.RegionFactoryInitiator - HHH000026: Second-level cache disabled
2026-04-10 16:23:54 [INFO ] [main] o.s.o.j.p.SpringPersistenceUnitInfo - No LoadTimeWeaver setup: ignoring JPA class transformer
2026-04-10 16:23:54 [INFO ] [main] com.zaxxer.hikari.HikariDataSource - HikariPool-1 - Starting...
2026-04-10 16:23:54 [INFO ] [main] com.zaxxer.hikari.pool.HikariPool - HikariPool-1 - Added connection com.mysql.cj.jdbc.ConnectionImpl@59b3f754
2026-04-10 16:23:54 [INFO ] [main] com.zaxxer.hikari.HikariDataSource - HikariPool-1 - Start completed.
2026-04-10 16:23:54 [WARN ] [main] org.hibernate.orm.deprecation - HHH90000025: MySQL8Dialect does not need to be specified explicitly using 'hibernate.dialect' (remove the property setting and it will be selected by default)
2026-04-10 16:23:54 [WARN ] [main] org.hibernate.orm.deprecation - HHH90000026: MySQL8Dialect has been deprecated; use org.hibernate.dialect.MySQLDialect instead
2026-04-10 16:23:54 [INFO ] [main] o.hibernate.orm.connections.pooling - HHH10001005: Database info:
	Database JDBC URL [Connecting through datasource 'HikariDataSource (HikariPool-1)']
	Database driver: undefined/unknown
	Database version: 8.0
	Autocommit mode: undefined/unknown
	Isolation level: undefined/unknown
	Minimum pool size: undefined/unknown
	Maximum pool size: undefined/unknown
2026-04-10 16:23:54 [INFO ] [main] o.h.e.t.j.p.i.JtaPlatformInitiator - HHH000489: No JTA platform available (set 'hibernate.transaction.jta.platform' to enable JTA platform integration)
2026-04-10 16:23:54 [INFO ] [main] o.s.o.j.LocalContainerEntityManagerFactoryBean - Initialized JPA EntityManagerFactory for persistence unit 'default'
2026-04-10 16:23:54 [INFO ] [main] o.s.d.j.r.query.QueryEnhancerFactory - Hibernate is in classpath; If applicable, HQL parser will be used.
2026-04-10 16:23:55 [INFO ] [main] c.h.academy.global.log.LogService - 로그 파일 폴링 시작 (500ms 간격): /app/logs
2026-04-10 16:23:55 [WARN ] [main] o.s.b.a.o.j.JpaBaseConfiguration$JpaWebConfiguration - spring.jpa.open-in-view is enabled by default. Therefore, database queries may be performed during view rendering. Explicitly configure spring.jpa.open-in-view to disable this warning
2026-04-10 16:23:55 [INFO ] [main] o.s.s.c.a.a.c.InitializeUserDetailsBeanManagerConfigurer$InitializeUserDetailsManagerConfigurer - Global AuthenticationManager configured with UserDetailsService bean with name userDetailsService
2026-04-10 16:23:55 [INFO ] [main] o.a.coyote.http11.Http11NioProtocol - Starting ProtocolHandler ["http-nio-8888"]
2026-04-10 16:23:55 [INFO ] [main] o.s.b.w.e.tomcat.TomcatWebServer - Tomcat started on port 8888 (http) with context path '/'
2026-04-10 16:23:55 [INFO ] [main] c.h.academy.AcademyApplication - Started AcademyApplication in 2.947 seconds (process running for 3.24)
2026-04-10 16:24:30 [INFO ] [http-nio-8888-exec-2] o.a.c.c.C.[Tomcat].[localhost].[/] - Initializing Spring DispatcherServlet 'dispatcherServlet'
2026-04-10 16:24:30 [INFO ] [http-nio-8888-exec-2] o.s.web.servlet.DispatcherServlet - Initializing Servlet 'dispatcherServlet'
2026-04-10 16:24:30 [INFO ] [http-nio-8888-exec-2] o.s.web.servlet.DispatcherServlet - Completed initialization in 2 ms
2026-04-10 16:24:31 [INFO ] [http-nio-8888-exec-5] c.h.academy.global.log.LogService - 로그 SSE 구독 등록: file=app, 현재 구독자 수=1
2026-04-10 16:24:53 [INFO ] [http-nio-8888-exec-8] c.h.a.g.security.service.AuthService - 로그인 성공: userId=admin, role=ROLE_ADMIN
2026-04-10 16:24:58 [INFO ] [http-nio-8888-exec-1] c.h.academy.global.log.LogService - 로그 SSE 구독 등록: file=auth, 현재 구독자 수=1
2026-04-10 16:24:59 [INFO ] [http-nio-8888-exec-5] c.h.academy.global.log.LogService - 로그 SSE 구독 등록: file=reservation, 현재 구독자 수=1
2026-04-10 16:24:59 [INFO ] [http-nio-8888-exec-8] c.h.academy.global.log.LogService - 로그 SSE 구독 등록: file=access, 현재 구독자 수=1
2026-04-10 16:25:00 [INFO ] [http-nio-8888-exec-10] c.h.academy.global.log.LogService - 로그 SSE 구독 등록: file=reservation, 현재 구독자 수=2
2026-04-10 16:25:01 [INFO ] [http-nio-8888-exec-4] c.h.academy.global.log.LogService - 로그 SSE 구독 등록: file=auth, 현재 구독자 수=2
2026-04-10 16:25:02 [INFO ] [http-nio-8888-exec-5] c.h.academy.global.log.LogService - 로그 SSE 구독 등록: file=error, 현재 구독자 수=1
2026-04-10 16:25:03 [INFO ] [http-nio-8888-exec-7] c.h.academy.global.log.LogService - 로그 SSE 구독 등록: file=app, 현재 구독자 수=1
2026-04-10 16:25:06 [INFO ] [http-nio-8888-exec-9] c.h.academy.global.log.LogService - 로그 SSE 구독 등록: file=app, 현재 구독자 수=2
2026-04-10 16:25:47 [INFO ] [http-nio-8888-exec-8] c.h.academy.global.log.LogService - 로그 SSE 구독 등록: file=app, 현재 구독자 수=3
2026-04-10 16:25:51 [INFO ] [http-nio-8888-exec-9] c.h.academy.global.log.LogService - 로그 SSE 구독 등록: file=auth, 현재 구독자 수=3
2026-04-10 16:25:52 [INFO ] [http-nio-8888-exec-1] c.h.academy.global.log.LogService - 로그 SSE 구독 등록: file=reservation, 현재 구독자 수=3
2026-04-10 16:25:56 [INFO ] [http-nio-8888-exec-7] c.h.academy.global.log.LogService - 로그 SSE 구독 등록: file=error, 현재 구독자 수=2
2026-04-10 16:25:57 [INFO ] [http-nio-8888-exec-9] c.h.academy.global.log.LogService - 로그 SSE 구독 등록: file=auth, 현재 구독자 수=4
2026-04-10 16:25:57 [INFO ] [http-nio-8888-exec-2] c.h.academy.global.log.LogService - 로그 SSE 구독 등록: file=app, 현재 구독자 수=2
2026-04-10 16:26:12 [WARN ] [http-nio-8888-exec-7] o.s.d.w.c.SpringDataJacksonConfiguration$PageModule$WarningLoggingModifier - Serializing PageImpl instances as-is is not supported, meaning that there is no guarantee about the stability of the resulting JSON structure!
	For a stable JSON structure, please use Spring Data's PagedModel (globally via @EnableSpringDataWebSupport(pageSerializationMode = VIA_DTO))
	or Spring HATEOAS and Spring Data's PagedResourcesAssembler as documented in https://docs.spring.io/spring-data/commons/reference/repositories/core-extensions.html#core.web.pageables.

2026-04-10 16:26:17 [INFO ] [http-nio-8888-exec-9] c.h.academy.global.log.LogService - 로그 SSE 구독 등록: file=app, 현재 구독자 수=3
